<?xml version="1.0" encoding="UTF-8"?>
<!-- Generated by org.testng.reporters.JUnitXMLReporter -->
<testsuite hostname="LAPTOP-T3UANJN2" ignored="7" name="Sanity Test" tests="4" failures="0" timestamp="2022-12-13T17:35:05 GMT" time="25.939" errors="0">
  <testcase name="verifyProductArrangeInAlphabeticalOrder" time="1.731" classname="com.tutorialsninja.testsuite.DesktopPageTest"/>
  <testcase name="verifyUserShouldNavigateToDesktopsPageSuccessfully" time="0.903" classname="com.tutorialsninja.testsuite.HomePageTest"/>
  <testcase name="verifyProductsPriceDisplayHighToLowSuccessfully" time="6.369" classname="com.tutorialsninja.testsuite.LaptopsAndNotebooksPageTest"/>
  <testcase name="verifyUserShouldNavigateToRegisterPageSuccessfully" time="0.68" classname="com.tutorialsninja.testsuite.MyAccountsPageTest"/>
  <testcase name="verifyThatUserShouldLoginAndLogoutSuccessfully" time="0.0" classname="com.tutorialsninja.testsuite.MyAccountsPageTest">
    <ignored/>
  </testcase> <!-- verifyThatUserShouldLoginAndLogoutSuccessfully -->
  <testcase name="verifyProductAddedToShoppingCartSuccessFully" time="0.0" classname="com.tutorialsninja.testsuite.DesktopPageTest">
    <ignored/>
  </testcase> <!-- verifyProductAddedToShoppingCartSuccessFully -->
  <testcase name="verifyThatUserRegisterAccountSuccessfully" time="0.0" classname="com.tutorialsninja.testsuite.MyAccountsPageTest">
    <ignored/>
  </testcase> <!-- verifyThatUserRegisterAccountSuccessfully -->
  <testcase name="verifyUserShouldNavigateToLoginPageSuccessfully" time="0.0" classname="com.tutorialsninja.testsuite.MyAccountsPageTest">
    <ignored/>
  </testcase> <!-- verifyUserShouldNavigateToLoginPageSuccessfully -->
  <testcase name="verifyUserShouldNavigateToLaptopsAndNotebooksPageSuccessfully" time="0.0" classname="com.tutorialsninja.testsuite.HomePageTest">
    <ignored/>
  </testcase> <!-- verifyUserShouldNavigateToLaptopsAndNotebooksPageSuccessfully -->
  <testcase name="verifyThatUserPlaceOrderSuccessfully" time="0.0" classname="com.tutorialsninja.testsuite.LaptopsAndNotebooksPageTest">
    <ignored/>
  </testcase> <!-- verifyThatUserPlaceOrderSuccessfully -->
  <testcase name="verifyUserShouldNavigateToComponentsPageSuccessfully" time="0.0" classname="com.tutorialsninja.testsuite.HomePageTest">
    <ignored/>
  </testcase> <!-- verifyUserShouldNavigateToComponentsPageSuccessfully -->
</testsuite> <!-- Sanity Test -->
