<?xml version="1.0" encoding="UTF-8"?>
<testsuite name="Regression Test"
           tests="2"
           failures="0"
           errors="0"
           skipped="0"
           time="10.627">
  <properties />
  
  
            <testcase name="verifyProductArrangeInAlphabeticalOrder" time="1.604" classname="com.tutorialsninja.testsuite.DesktopPageTest" />
                <testcase name="verifyProductAddedToShoppingCartSuccessFully" time="9.023" classname="com.tutorialsninja.testsuite.DesktopPageTest" />
      
</testsuite>
