<?xml version="1.0" encoding="UTF-8"?>
<testng-results skipped="0" failed="2" ignored="0" total="11" passed="9">
  <reporter-output>
    <line>
      <![CDATA[Clicking on currency dropdown]]>
    </line>
    <line>
      <![CDATA[Mouse Hovering to Desktop and Clicking on it: [[ChromeDriver: chrome on WINDOWS (13c3bae32f073b56d5df8903b81c217a)] -> link text: Desktops]]]>
    </line>
    <line>
      <![CDATA[Cliking on HP product]]>
    </line>
    <line>
      <![CDATA[Displaying error message]]>
    </line>
    <line>
      <![CDATA[Selecting date, month and year]]>
    </line>
    <line>
      <![CDATA[Enter quantity to quantity field [[ChromeDriver: chrome on WINDOWS (13c3bae32f073b56d5df8903b81c217a)] -> id: input-quantity]]]>
    </line>
    <line>
      <![CDATA[Clicking on add to cart button]]>
    </line>
    <line>
      <![CDATA[Displaying error message]]>
    </line>
    <line>
      <![CDATA[Clicking on shopping cart link]]>
    </line>
    <line>
      <![CDATA[Enter shoppingcart text error message [[ChromeDriver: chrome on WINDOWS (13c3bae32f073b56d5df8903b81c217a)] -> xpath: //div[@id='content']/h1[contains(text(), 'Shopping Cart')]]]]>
    </line>
    <line>
      <![CDATA[ Verify Product name error Message[[ChromeDriver: chrome on WINDOWS (13c3bae32f073b56d5df8903b81c217a)] -> xpath: //div[@class = 'table-responsive']/table/tbody/tr/td[2]/a]]]>
    </line>
    <line>
      <![CDATA[Verify model error message[[ChromeDriver: chrome on WINDOWS (13c3bae32f073b56d5df8903b81c217a)] -> xpath: //div[@class = 'table-responsive']/table/tbody/tr/td[3]]]]>
    </line>
    <line>
      <![CDATA[Verify price total error message[[ChromeDriver: chrome on WINDOWS (13c3bae32f073b56d5df8903b81c217a)] -> xpath: //div[@class = 'table-responsive']/table/tbody/tr/td[6]]]]>
    </line>
    <line>
      <![CDATA[Mouse Hovering to Desktop and Clicking on it: [[ChromeDriver: chrome on WINDOWS (2c643bdd427dead3b7a8dadd71d788ab)] -> link text: Desktops]]]>
    </line>
    <line>
      <![CDATA[Arrange products in descending order]]>
    </line>
    <line>
      <![CDATA[Mouse Hovering to Components and Clicking on it: [[ChromeDriver: chrome on WINDOWS (6f2c63983e127d12e315ff3918100518)] -> link text: Components]]]>
    </line>
    <line>
      <![CDATA[verify navigate to components error message[[ChromeDriver: chrome on WINDOWS (6f2c63983e127d12e315ff3918100518)] -> xpath: //h2[contains(text(),'Components')]]]]>
    </line>
    <line>
      <![CDATA[Mouse Hovering to Desktop and Clicking on it: [[ChromeDriver: chrome on WINDOWS (fabc2bad83451fcab1302999d15bcb2f)] -> link text: Desktops]]]>
    </line>
    <line>
      <![CDATA[Navigate to desktop error message]]>
    </line>
    <line>
      <![CDATA[Mouse Hovering to LaptopsNotebooks and Clicking on it: [[ChromeDriver: chrome on WINDOWS (4350d2987b35d395f06831a79384ec5b)] -> link text: Laptops & Notebooks]]]>
    </line>
    <line>
      <![CDATA[Navigating to laptops and notebooks error message: [[ChromeDriver: chrome on WINDOWS (4350d2987b35d395f06831a79384ec5b)] -> xpath: //h2[contains(text(),'Laptops & Notebooks')]]]]>
    </line>
    <line>
      <![CDATA[Mouse Hovering to LaptopsNotebooks and Clicking on it: [[ChromeDriver: chrome on WINDOWS (1457af15ba1bdbfd69a3b12ad9ab55e0)] -> link text: Laptops & Notebooks]]]>
    </line>
    <line>
      <![CDATA[Arranging product in high to low order: ]]>
    </line>
    <line>
      <![CDATA[Clicking on currency dropdown]]>
    </line>
    <line>
      <![CDATA[Mouse Hovering to LaptopsNotebooks and Clicking on it: [[ChromeDriver: chrome on WINDOWS (0136bda4f85616d55d5035a2011bf24e)] -> link text: Laptops & Notebooks]]]>
    </line>
    <line>
      <![CDATA[Clicking pn MacBook Menu]]>
    </line>
    <line>
      <![CDATA[Verify Macbook error Message [[ChromeDriver: chrome on WINDOWS (0136bda4f85616d55d5035a2011bf24e)] -> xpath: //h1[contains(text(),'MacBook')]]]]>
    </line>
    <line>
      <![CDATA[mac book add to cart[[ChromeDriver: chrome on WINDOWS (0136bda4f85616d55d5035a2011bf24e)] -> xpath: //button[@id='button-cart']]]]>
    </line>
    <line>
      <![CDATA[Click on shopping cart button[[ChromeDriver: chrome on WINDOWS (0136bda4f85616d55d5035a2011bf24e)] -> xpath: //a[contains(text(),'shopping cart')]]]]>
    </line>
    <line>
      <![CDATA[Enter shoppingcart text error message [[ChromeDriver: chrome on WINDOWS (0136bda4f85616d55d5035a2011bf24e)] -> xpath: //div[@id='content']/h1[contains(text(), 'Shopping Cart')]]]]>
    </line>
    <line>
      <![CDATA[Verify Macbook name error message[[ChromeDriver: chrome on WINDOWS (0136bda4f85616d55d5035a2011bf24e)] -> xpath: //div[@class = 'table-responsive']/table/tbody/tr/td[2]/a]]]>
    </line>
    <line>
      <![CDATA[Verify macbook total error message[[ChromeDriver: chrome on WINDOWS (0136bda4f85616d55d5035a2011bf24e)] -> xpath: //div[@class = 'table-responsive']/table/tbody/tr/td[6]]]]>
    </line>
    <line>
      <![CDATA[Click on check button[[ChromeDriver: chrome on WINDOWS (0136bda4f85616d55d5035a2011bf24e)] -> xpath: //a[contains(text(),'Checkout')]]]]>
    </line>
    <line>
      <![CDATA[Click to see screenshot]]>
    </line>
    <line>
      <![CDATA[<a target = "_blank" href=C:\Users\topig\IdeaProjects\com-tutorialninja-pagefactory-sw5/test-output/html/verifyThatUserPlaceOrderSuccessfullyTue_Dec_13_17_39_09_GMT_2022.jpg>Screenshot</a>]]>
    </line>
    <line>
      <![CDATA[<br>]]>
    </line>
    <line>
      <![CDATA[<br>]]>
    </line>
    <line>
      <![CDATA[<a target = "_blank" href=C:\Users\topig\IdeaProjects\com-tutorialninja-pagefactory-sw5/test-output/html/verifyThatUserPlaceOrderSuccessfullyTue_Dec_13_17_39_09_GMT_2022.jpg><img src=C:\Users\topig\IdeaProjects\com-tutorialninja-pagefactory-sw5/test-output/html/verifyThatUserPlaceOrderSuccessfullyTue_Dec_13_17_39_09_GMT_2022.jpg height=200 width=200></img></a>]]>
    </line>
    <line>
      <![CDATA[Clicking on my account: [[ChromeDriver: chrome on WINDOWS (440028f51391be1282a8b2cc82c55805)] -> xpath: //span[text()='My Account']]]]>
    </line>
    <line>
      <![CDATA[Enter FirstName John to firstname field [[ChromeDriver: chrome on WINDOWS (440028f51391be1282a8b2cc82c55805)] -> id: input-firstname]]]>
    </line>
    <line>
      <![CDATA[Enter lastname Wong to lastname field [[ChromeDriver: chrome on WINDOWS (440028f51391be1282a8b2cc82c55805)] -> id: input-lastname]]]>
    </line>
    <line>
      <![CDATA[Enter Email jo@example.com to email field [[ChromeDriver: chrome on WINDOWS (440028f51391be1282a8b2cc82c55805)] -> id: input-email]]]>
    </line>
    <line>
      <![CDATA[Enter telephone 235665656 to telephone field [[ChromeDriver: chrome on WINDOWS (440028f51391be1282a8b2cc82c55805)] -> id: input-telephone]]]>
    </line>
    <line>
      <![CDATA[Enter password test123 to password field [[ChromeDriver: chrome on WINDOWS (440028f51391be1282a8b2cc82c55805)] -> id: input-password]]]>
    </line>
    <line>
      <![CDATA[Enter Conformpassword test123 to confirm password field [[ChromeDriver: chrome on WINDOWS (440028f51391be1282a8b2cc82c55805)] -> id: input-confirm]]]>
    </line>
    <line>
      <![CDATA[Click on Agree[[ChromeDriver: chrome on WINDOWS (440028f51391be1282a8b2cc82c55805)] -> xpath: //div[@class = 'buttons']//input[@name='agree']]]]>
    </line>
    <line>
      <![CDATA[Click on continue[[ChromeDriver: chrome on WINDOWS (440028f51391be1282a8b2cc82c55805)] -> xpath: //div[@class = 'buttons']//input[@value='Continue']]]]>
    </line>
    <line>
      <![CDATA[Verify your Account Message[[ChromeDriver: chrome on WINDOWS (440028f51391be1282a8b2cc82c55805)] -> xpath: //h1[contains(text(),'Your Account Has Been Created!')]]]]>
    </line>
    <line>
      <![CDATA[Click on sucess continue button [[ChromeDriver: chrome on WINDOWS (440028f51391be1282a8b2cc82c55805)] -> xpath: //a[contains(text(),'Continue')]]]]>
    </line>
    <line>
      <![CDATA[Click on my account link [[ChromeDriver: chrome on WINDOWS (440028f51391be1282a8b2cc82c55805)] -> xpath: //span[contains(text(),'My Account')]]]]>
    </line>
    <line>
      <![CDATA[Clicking on my account: [[ChromeDriver: chrome on WINDOWS (1799dee791ef2016e543ce5f487ff10a)] -> xpath: //span[text()='My Account']]]]>
    </line>
    <line>
      <![CDATA[Enter email prime123@gmail.com to email field [[ChromeDriver: chrome on WINDOWS (1799dee791ef2016e543ce5f487ff10a)] -> id: input-email]]]>
    </line>
    <line>
      <![CDATA[Enter password test123 to email field [[ChromeDriver: chrome on WINDOWS (1799dee791ef2016e543ce5f487ff10a)] -> id: input-password]]]>
    </line>
    <line>
      <![CDATA[Click on login button[[ChromeDriver: chrome on WINDOWS (1799dee791ef2016e543ce5f487ff10a)] -> xpath: //form[contains(@action,'login')]//input[@type='submit']]]]>
    </line>
    <line>
      <![CDATA[Clicking on my account: [[ChromeDriver: chrome on WINDOWS (1799dee791ef2016e543ce5f487ff10a)] -> xpath: //span[text()='My Account']]]]>
    </line>
    <line>
      <![CDATA[Click to see screenshot]]>
    </line>
    <line>
      <![CDATA[<a target = "_blank" href=C:\Users\topig\IdeaProjects\com-tutorialninja-pagefactory-sw5/test-output/html/verifyThatUserShouldLoginAndLogoutSuccessfullyTue_Dec_13_17_39_22_GMT_2022.jpg>Screenshot</a>]]>
    </line>
    <line>
      <![CDATA[<br>]]>
    </line>
    <line>
      <![CDATA[<br>]]>
    </line>
    <line>
      <![CDATA[<a target = "_blank" href=C:\Users\topig\IdeaProjects\com-tutorialninja-pagefactory-sw5/test-output/html/verifyThatUserShouldLoginAndLogoutSuccessfullyTue_Dec_13_17_39_22_GMT_2022.jpg><img src=C:\Users\topig\IdeaProjects\com-tutorialninja-pagefactory-sw5/test-output/html/verifyThatUserShouldLoginAndLogoutSuccessfullyTue_Dec_13_17_39_22_GMT_2022.jpg height=200 width=200></img></a>]]>
    </line>
    <line>
      <![CDATA[Clicking on my account: [[ChromeDriver: chrome on WINDOWS (a28f6fe539abe7a11737433acb256486)] -> xpath: //span[text()='My Account']]]]>
    </line>
    <line>
      <![CDATA[Verifying returning customer: [[ChromeDriver: chrome on WINDOWS (a28f6fe539abe7a11737433acb256486)] -> xpath: //h2[contains(text(),'Returning Customer')]]]]>
    </line>
    <line>
      <![CDATA[Clicking on my account: [[ChromeDriver: chrome on WINDOWS (76f3b575bc47e741499c95d483cc83cd)] -> xpath: //span[text()='My Account']]]]>
    </line>
    <line>
      <![CDATA[Verify Register Account Text [[ChromeDriver: chrome on WINDOWS (76f3b575bc47e741499c95d483cc83cd)] -> xpath: //h1[text()='Register Account']]]]>
    </line>
  </reporter-output>
  <suite name="regression" duration-ms="70593" started-at="2022-12-13T17:38:20 GMT" finished-at="2022-12-13T17:39:31 GMT">
    <groups>
      <group name="regression">
        <method signature="DesktopPageTest.verifyProductAddedToShoppingCartSuccessFully()[pri:0, instance:com.tutorialsninja.testsuite.DesktopPageTest@4524411f]" name="verifyProductAddedToShoppingCartSuccessFully" class="com.tutorialsninja.testsuite.DesktopPageTest"/>
        <method signature="DesktopPageTest.verifyProductArrangeInAlphabeticalOrder()[pri:0, instance:com.tutorialsninja.testsuite.DesktopPageTest@4524411f]" name="verifyProductArrangeInAlphabeticalOrder" class="com.tutorialsninja.testsuite.DesktopPageTest"/>
        <method signature="HomePageTest.verifyUserShouldNavigateToComponentsPageSuccessfully()[pri:0, instance:com.tutorialsninja.testsuite.HomePageTest@fe18270]" name="verifyUserShouldNavigateToComponentsPageSuccessfully" class="com.tutorialsninja.testsuite.HomePageTest"/>
        <method signature="HomePageTest.verifyUserShouldNavigateToDesktopsPageSuccessfully()[pri:0, instance:com.tutorialsninja.testsuite.HomePageTest@fe18270]" name="verifyUserShouldNavigateToDesktopsPageSuccessfully" class="com.tutorialsninja.testsuite.HomePageTest"/>
        <method signature="HomePageTest.verifyUserShouldNavigateToLaptopsAndNotebooksPageSuccessfully()[pri:0, instance:com.tutorialsninja.testsuite.HomePageTest@fe18270]" name="verifyUserShouldNavigateToLaptopsAndNotebooksPageSuccessfully" class="com.tutorialsninja.testsuite.HomePageTest"/>
        <method signature="LaptopsAndNotebooksPageTest.verifyProductsPriceDisplayHighToLowSuccessfully()[pri:0, instance:com.tutorialsninja.testsuite.LaptopsAndNotebooksPageTest@6fb0d3ed]" name="verifyProductsPriceDisplayHighToLowSuccessfully" class="com.tutorialsninja.testsuite.LaptopsAndNotebooksPageTest"/>
        <method signature="LaptopsAndNotebooksPageTest.verifyThatUserPlaceOrderSuccessfully()[pri:0, instance:com.tutorialsninja.testsuite.LaptopsAndNotebooksPageTest@6fb0d3ed]" name="verifyThatUserPlaceOrderSuccessfully" class="com.tutorialsninja.testsuite.LaptopsAndNotebooksPageTest"/>
        <method signature="MyAccountsPageTest.verifyThatUserRegisterAccountSuccessfully()[pri:0, instance:com.tutorialsninja.testsuite.MyAccountsPageTest@6dde5c8c]" name="verifyThatUserRegisterAccountSuccessfully" class="com.tutorialsninja.testsuite.MyAccountsPageTest"/>
        <method signature="MyAccountsPageTest.verifyThatUserShouldLoginAndLogoutSuccessfully()[pri:0, instance:com.tutorialsninja.testsuite.MyAccountsPageTest@6dde5c8c]" name="verifyThatUserShouldLoginAndLogoutSuccessfully" class="com.tutorialsninja.testsuite.MyAccountsPageTest"/>
        <method signature="MyAccountsPageTest.verifyUserShouldNavigateToLoginPageSuccessfully()[pri:0, instance:com.tutorialsninja.testsuite.MyAccountsPageTest@6dde5c8c]" name="verifyUserShouldNavigateToLoginPageSuccessfully" class="com.tutorialsninja.testsuite.MyAccountsPageTest"/>
        <method signature="MyAccountsPageTest.verifyUserShouldNavigateToRegisterPageSuccessfully()[pri:0, instance:com.tutorialsninja.testsuite.MyAccountsPageTest@6dde5c8c]" name="verifyUserShouldNavigateToRegisterPageSuccessfully" class="com.tutorialsninja.testsuite.MyAccountsPageTest"/>
      </group> <!-- regression -->
      <group name="smoke">
        <method signature="HomePageTest.verifyUserShouldNavigateToLaptopsAndNotebooksPageSuccessfully()[pri:0, instance:com.tutorialsninja.testsuite.HomePageTest@fe18270]" name="verifyUserShouldNavigateToLaptopsAndNotebooksPageSuccessfully" class="com.tutorialsninja.testsuite.HomePageTest"/>
        <method signature="LaptopsAndNotebooksPageTest.verifyThatUserPlaceOrderSuccessfully()[pri:0, instance:com.tutorialsninja.testsuite.LaptopsAndNotebooksPageTest@6fb0d3ed]" name="verifyThatUserPlaceOrderSuccessfully" class="com.tutorialsninja.testsuite.LaptopsAndNotebooksPageTest"/>
        <method signature="MyAccountsPageTest.verifyUserShouldNavigateToLoginPageSuccessfully()[pri:0, instance:com.tutorialsninja.testsuite.MyAccountsPageTest@6dde5c8c]" name="verifyUserShouldNavigateToLoginPageSuccessfully" class="com.tutorialsninja.testsuite.MyAccountsPageTest"/>
      </group> <!-- smoke -->
      <group name="sanity">
        <method signature="DesktopPageTest.verifyProductArrangeInAlphabeticalOrder()[pri:0, instance:com.tutorialsninja.testsuite.DesktopPageTest@4524411f]" name="verifyProductArrangeInAlphabeticalOrder" class="com.tutorialsninja.testsuite.DesktopPageTest"/>
        <method signature="HomePageTest.verifyUserShouldNavigateToDesktopsPageSuccessfully()[pri:0, instance:com.tutorialsninja.testsuite.HomePageTest@fe18270]" name="verifyUserShouldNavigateToDesktopsPageSuccessfully" class="com.tutorialsninja.testsuite.HomePageTest"/>
        <method signature="LaptopsAndNotebooksPageTest.verifyProductsPriceDisplayHighToLowSuccessfully()[pri:0, instance:com.tutorialsninja.testsuite.LaptopsAndNotebooksPageTest@6fb0d3ed]" name="verifyProductsPriceDisplayHighToLowSuccessfully" class="com.tutorialsninja.testsuite.LaptopsAndNotebooksPageTest"/>
        <method signature="MyAccountsPageTest.verifyUserShouldNavigateToRegisterPageSuccessfully()[pri:0, instance:com.tutorialsninja.testsuite.MyAccountsPageTest@6dde5c8c]" name="verifyUserShouldNavigateToRegisterPageSuccessfully" class="com.tutorialsninja.testsuite.MyAccountsPageTest"/>
      </group> <!-- sanity -->
    </groups>
    <test name="Regression Test" duration-ms="70593" started-at="2022-12-13T17:38:20 GMT" finished-at="2022-12-13T17:39:31 GMT">
      <class name="com.tutorialsninja.testsuite.DesktopPageTest">
        <test-method status="PASS" signature="setUp()[pri:0, instance:com.tutorialsninja.testsuite.DesktopPageTest@4524411f]" name="setUp" is-config="true" duration-ms="3979" started-at="2022-12-13T17:38:20 GMT" finished-at="2022-12-13T17:38:24 GMT">
          <reporter-output>
          </reporter-output>
        </test-method> <!-- setUp -->
        <test-method status="PASS" signature="inIt()[pri:0, instance:com.tutorialsninja.testsuite.DesktopPageTest@4524411f]" name="inIt" is-config="true" duration-ms="63" started-at="2022-12-13T17:38:24 GMT" finished-at="2022-12-13T17:38:24 GMT">
          <reporter-output>
          </reporter-output>
        </test-method> <!-- inIt -->
        <test-method status="PASS" signature="verifyProductAddedToShoppingCartSuccessFully()[pri:0, instance:com.tutorialsninja.testsuite.DesktopPageTest@4524411f]" name="verifyProductAddedToShoppingCartSuccessFully" duration-ms="9023" started-at="2022-12-13T17:38:24 GMT" finished-at="2022-12-13T17:38:33 GMT">
          <reporter-output>
            <line>
              <![CDATA[Clicking on currency dropdown]]>
            </line>
            <line>
              <![CDATA[Mouse Hovering to Desktop and Clicking on it: [[ChromeDriver: chrome on WINDOWS (13c3bae32f073b56d5df8903b81c217a)] -> link text: Desktops]]]>
            </line>
            <line>
              <![CDATA[Cliking on HP product]]>
            </line>
            <line>
              <![CDATA[Displaying error message]]>
            </line>
            <line>
              <![CDATA[Selecting date, month and year]]>
            </line>
            <line>
              <![CDATA[Enter quantity to quantity field [[ChromeDriver: chrome on WINDOWS (13c3bae32f073b56d5df8903b81c217a)] -> id: input-quantity]]]>
            </line>
            <line>
              <![CDATA[Clicking on add to cart button]]>
            </line>
            <line>
              <![CDATA[Displaying error message]]>
            </line>
            <line>
              <![CDATA[Clicking on shopping cart link]]>
            </line>
            <line>
              <![CDATA[Enter shoppingcart text error message [[ChromeDriver: chrome on WINDOWS (13c3bae32f073b56d5df8903b81c217a)] -> xpath: //div[@id='content']/h1[contains(text(), 'Shopping Cart')]]]]>
            </line>
            <line>
              <![CDATA[ Verify Product name error Message[[ChromeDriver: chrome on WINDOWS (13c3bae32f073b56d5df8903b81c217a)] -> xpath: //div[@class = 'table-responsive']/table/tbody/tr/td[2]/a]]]>
            </line>
            <line>
              <![CDATA[Verify model error message[[ChromeDriver: chrome on WINDOWS (13c3bae32f073b56d5df8903b81c217a)] -> xpath: //div[@class = 'table-responsive']/table/tbody/tr/td[3]]]]>
            </line>
            <line>
              <![CDATA[Verify price total error message[[ChromeDriver: chrome on WINDOWS (13c3bae32f073b56d5df8903b81c217a)] -> xpath: //div[@class = 'table-responsive']/table/tbody/tr/td[6]]]]>
            </line>
          </reporter-output>
        </test-method> <!-- verifyProductAddedToShoppingCartSuccessFully -->
        <test-method status="PASS" signature="tearDown()[pri:0, instance:com.tutorialsninja.testsuite.DesktopPageTest@4524411f]" name="tearDown" is-config="true" duration-ms="804" started-at="2022-12-13T17:38:33 GMT" finished-at="2022-12-13T17:38:34 GMT">
          <reporter-output>
          </reporter-output>
        </test-method> <!-- tearDown -->
        <test-method status="PASS" signature="setUp()[pri:0, instance:com.tutorialsninja.testsuite.DesktopPageTest@4524411f]" name="setUp" is-config="true" duration-ms="2767" started-at="2022-12-13T17:38:34 GMT" finished-at="2022-12-13T17:38:37 GMT">
          <reporter-output>
          </reporter-output>
        </test-method> <!-- setUp -->
        <test-method status="PASS" signature="inIt()[pri:0, instance:com.tutorialsninja.testsuite.DesktopPageTest@4524411f]" name="inIt" is-config="true" duration-ms="1" started-at="2022-12-13T17:38:37 GMT" finished-at="2022-12-13T17:38:37 GMT">
          <reporter-output>
          </reporter-output>
        </test-method> <!-- inIt -->
        <test-method status="PASS" signature="verifyProductArrangeInAlphabeticalOrder()[pri:0, instance:com.tutorialsninja.testsuite.DesktopPageTest@4524411f]" name="verifyProductArrangeInAlphabeticalOrder" duration-ms="1604" started-at="2022-12-13T17:38:37 GMT" finished-at="2022-12-13T17:38:39 GMT">
          <reporter-output>
            <line>
              <![CDATA[Mouse Hovering to Desktop and Clicking on it: [[ChromeDriver: chrome on WINDOWS (2c643bdd427dead3b7a8dadd71d788ab)] -> link text: Desktops]]]>
            </line>
            <line>
              <![CDATA[Arrange products in descending order]]>
            </line>
          </reporter-output>
        </test-method> <!-- verifyProductArrangeInAlphabeticalOrder -->
        <test-method status="PASS" signature="tearDown()[pri:0, instance:com.tutorialsninja.testsuite.DesktopPageTest@4524411f]" name="tearDown" is-config="true" duration-ms="778" started-at="2022-12-13T17:38:39 GMT" finished-at="2022-12-13T17:38:39 GMT">
          <reporter-output>
          </reporter-output>
        </test-method> <!-- tearDown -->
      </class> <!-- com.tutorialsninja.testsuite.DesktopPageTest -->
      <class name="com.tutorialsninja.testsuite.HomePageTest">
        <test-method status="PASS" signature="setUp()[pri:0, instance:com.tutorialsninja.testsuite.HomePageTest@fe18270]" name="setUp" is-config="true" duration-ms="2680" started-at="2022-12-13T17:38:39 GMT" finished-at="2022-12-13T17:38:42 GMT">
          <reporter-output>
          </reporter-output>
        </test-method> <!-- setUp -->
        <test-method status="PASS" signature="inIt()[pri:0, instance:com.tutorialsninja.testsuite.HomePageTest@fe18270]" name="inIt" is-config="true" duration-ms="6" started-at="2022-12-13T17:38:42 GMT" finished-at="2022-12-13T17:38:42 GMT">
          <reporter-output>
          </reporter-output>
        </test-method> <!-- inIt -->
        <test-method status="PASS" signature="verifyUserShouldNavigateToComponentsPageSuccessfully()[pri:0, instance:com.tutorialsninja.testsuite.HomePageTest@fe18270]" name="verifyUserShouldNavigateToComponentsPageSuccessfully" duration-ms="614" started-at="2022-12-13T17:38:42 GMT" finished-at="2022-12-13T17:38:43 GMT">
          <reporter-output>
            <line>
              <![CDATA[Mouse Hovering to Components and Clicking on it: [[ChromeDriver: chrome on WINDOWS (6f2c63983e127d12e315ff3918100518)] -> link text: Components]]]>
            </line>
            <line>
              <![CDATA[verify navigate to components error message[[ChromeDriver: chrome on WINDOWS (6f2c63983e127d12e315ff3918100518)] -> xpath: //h2[contains(text(),'Components')]]]]>
            </line>
          </reporter-output>
        </test-method> <!-- verifyUserShouldNavigateToComponentsPageSuccessfully -->
        <test-method status="PASS" signature="tearDown()[pri:0, instance:com.tutorialsninja.testsuite.HomePageTest@fe18270]" name="tearDown" is-config="true" duration-ms="781" started-at="2022-12-13T17:38:43 GMT" finished-at="2022-12-13T17:38:43 GMT">
          <reporter-output>
          </reporter-output>
        </test-method> <!-- tearDown -->
        <test-method status="PASS" signature="setUp()[pri:0, instance:com.tutorialsninja.testsuite.HomePageTest@fe18270]" name="setUp" is-config="true" duration-ms="2669" started-at="2022-12-13T17:38:43 GMT" finished-at="2022-12-13T17:38:46 GMT">
          <reporter-output>
          </reporter-output>
        </test-method> <!-- setUp -->
        <test-method status="PASS" signature="inIt()[pri:0, instance:com.tutorialsninja.testsuite.HomePageTest@fe18270]" name="inIt" is-config="true" duration-ms="1" started-at="2022-12-13T17:38:46 GMT" finished-at="2022-12-13T17:38:46 GMT">
          <reporter-output>
          </reporter-output>
        </test-method> <!-- inIt -->
        <test-method status="PASS" signature="verifyUserShouldNavigateToDesktopsPageSuccessfully()[pri:0, instance:com.tutorialsninja.testsuite.HomePageTest@fe18270]" name="verifyUserShouldNavigateToDesktopsPageSuccessfully" duration-ms="915" started-at="2022-12-13T17:38:46 GMT" finished-at="2022-12-13T17:38:47 GMT">
          <reporter-output>
            <line>
              <![CDATA[Mouse Hovering to Desktop and Clicking on it: [[ChromeDriver: chrome on WINDOWS (fabc2bad83451fcab1302999d15bcb2f)] -> link text: Desktops]]]>
            </line>
            <line>
              <![CDATA[Navigate to desktop error message]]>
            </line>
          </reporter-output>
        </test-method> <!-- verifyUserShouldNavigateToDesktopsPageSuccessfully -->
        <test-method status="PASS" signature="tearDown()[pri:0, instance:com.tutorialsninja.testsuite.HomePageTest@fe18270]" name="tearDown" is-config="true" duration-ms="772" started-at="2022-12-13T17:38:47 GMT" finished-at="2022-12-13T17:38:48 GMT">
          <reporter-output>
          </reporter-output>
        </test-method> <!-- tearDown -->
        <test-method status="PASS" signature="setUp()[pri:0, instance:com.tutorialsninja.testsuite.HomePageTest@fe18270]" name="setUp" is-config="true" duration-ms="2649" started-at="2022-12-13T17:38:48 GMT" finished-at="2022-12-13T17:38:50 GMT">
          <reporter-output>
          </reporter-output>
        </test-method> <!-- setUp -->
        <test-method status="PASS" signature="inIt()[pri:0, instance:com.tutorialsninja.testsuite.HomePageTest@fe18270]" name="inIt" is-config="true" duration-ms="1" started-at="2022-12-13T17:38:50 GMT" finished-at="2022-12-13T17:38:50 GMT">
          <reporter-output>
          </reporter-output>
        </test-method> <!-- inIt -->
        <test-method status="PASS" signature="verifyUserShouldNavigateToLaptopsAndNotebooksPageSuccessfully()[pri:0, instance:com.tutorialsninja.testsuite.HomePageTest@fe18270]" name="verifyUserShouldNavigateToLaptopsAndNotebooksPageSuccessfully" duration-ms="714" started-at="2022-12-13T17:38:50 GMT" finished-at="2022-12-13T17:38:51 GMT">
          <reporter-output>
            <line>
              <![CDATA[Mouse Hovering to LaptopsNotebooks and Clicking on it: [[ChromeDriver: chrome on WINDOWS (4350d2987b35d395f06831a79384ec5b)] -> link text: Laptops & Notebooks]]]>
            </line>
            <line>
              <![CDATA[Navigating to laptops and notebooks error message: [[ChromeDriver: chrome on WINDOWS (4350d2987b35d395f06831a79384ec5b)] -> xpath: //h2[contains(text(),'Laptops & Notebooks')]]]]>
            </line>
          </reporter-output>
        </test-method> <!-- verifyUserShouldNavigateToLaptopsAndNotebooksPageSuccessfully -->
        <test-method status="PASS" signature="tearDown()[pri:0, instance:com.tutorialsninja.testsuite.HomePageTest@fe18270]" name="tearDown" is-config="true" duration-ms="761" started-at="2022-12-13T17:38:51 GMT" finished-at="2022-12-13T17:38:52 GMT">
          <reporter-output>
          </reporter-output>
        </test-method> <!-- tearDown -->
      </class> <!-- com.tutorialsninja.testsuite.HomePageTest -->
      <class name="com.tutorialsninja.testsuite.LaptopsAndNotebooksPageTest">
        <test-method status="PASS" signature="setUp()[pri:0, instance:com.tutorialsninja.testsuite.LaptopsAndNotebooksPageTest@6fb0d3ed]" name="setUp" is-config="true" duration-ms="2716" started-at="2022-12-13T17:38:52 GMT" finished-at="2022-12-13T17:38:55 GMT">
          <reporter-output>
          </reporter-output>
        </test-method> <!-- setUp -->
        <test-method status="PASS" signature="inIt()[pri:0, instance:com.tutorialsninja.testsuite.LaptopsAndNotebooksPageTest@6fb0d3ed]" name="inIt" is-config="true" duration-ms="3" started-at="2022-12-13T17:38:55 GMT" finished-at="2022-12-13T17:38:55 GMT">
          <reporter-output>
          </reporter-output>
        </test-method> <!-- inIt -->
        <test-method status="PASS" signature="verifyProductsPriceDisplayHighToLowSuccessfully()[pri:0, instance:com.tutorialsninja.testsuite.LaptopsAndNotebooksPageTest@6fb0d3ed]" name="verifyProductsPriceDisplayHighToLowSuccessfully" duration-ms="6336" started-at="2022-12-13T17:38:55 GMT" finished-at="2022-12-13T17:39:01 GMT">
          <reporter-output>
            <line>
              <![CDATA[Mouse Hovering to LaptopsNotebooks and Clicking on it: [[ChromeDriver: chrome on WINDOWS (1457af15ba1bdbfd69a3b12ad9ab55e0)] -> link text: Laptops & Notebooks]]]>
            </line>
            <line>
              <![CDATA[Arranging product in high to low order: ]]>
            </line>
          </reporter-output>
        </test-method> <!-- verifyProductsPriceDisplayHighToLowSuccessfully -->
        <test-method status="PASS" signature="tearDown()[pri:0, instance:com.tutorialsninja.testsuite.LaptopsAndNotebooksPageTest@6fb0d3ed]" name="tearDown" is-config="true" duration-ms="808" started-at="2022-12-13T17:39:01 GMT" finished-at="2022-12-13T17:39:02 GMT">
          <reporter-output>
          </reporter-output>
        </test-method> <!-- tearDown -->
        <test-method status="PASS" signature="setUp()[pri:0, instance:com.tutorialsninja.testsuite.LaptopsAndNotebooksPageTest@6fb0d3ed]" name="setUp" is-config="true" duration-ms="2855" started-at="2022-12-13T17:39:02 GMT" finished-at="2022-12-13T17:39:05 GMT">
          <reporter-output>
          </reporter-output>
        </test-method> <!-- setUp -->
        <test-method status="PASS" signature="inIt()[pri:0, instance:com.tutorialsninja.testsuite.LaptopsAndNotebooksPageTest@6fb0d3ed]" name="inIt" is-config="true" duration-ms="1" started-at="2022-12-13T17:39:05 GMT" finished-at="2022-12-13T17:39:05 GMT">
          <reporter-output>
          </reporter-output>
        </test-method> <!-- inIt -->
        <test-method status="FAIL" signature="verifyThatUserPlaceOrderSuccessfully()[pri:0, instance:com.tutorialsninja.testsuite.LaptopsAndNotebooksPageTest@6fb0d3ed]" name="verifyThatUserPlaceOrderSuccessfully" duration-ms="3952" started-at="2022-12-13T17:39:05 GMT" finished-at="2022-12-13T17:39:09 GMT">
          <exception class="java.lang.NullPointerException">
            <full-stacktrace>
              <![CDATA[java.lang.NullPointerException
at com.tutorialsninja.testsuite.LaptopsAndNotebooksPageTest.verifyThatUserPlaceOrderSuccessfully(LaptopsAndNotebooksPageTest.java:54)
at sun.reflect.NativeMethodAccessorImpl.invoke0(Native Method)
at sun.reflect.NativeMethodAccessorImpl.invoke(NativeMethodAccessorImpl.java:62)
at sun.reflect.DelegatingMethodAccessorImpl.invoke(DelegatingMethodAccessorImpl.java:43)
at java.lang.reflect.Method.invoke(Method.java:498)
at org.testng.internal.invokers.MethodInvocationHelper.invokeMethod(MethodInvocationHelper.java:135)
at org.testng.internal.invokers.TestInvoker.invokeMethod(TestInvoker.java:673)
at org.testng.internal.invokers.TestInvoker.invokeTestMethod(TestInvoker.java:220)
at org.testng.internal.invokers.MethodRunner.runInSequence(MethodRunner.java:50)
at org.testng.internal.invokers.TestInvoker$MethodInvocationAgent.invoke(TestInvoker.java:945)
at org.testng.internal.invokers.TestInvoker.invokeTestMethods(TestInvoker.java:193)
at org.testng.internal.invokers.TestMethodWorker.invokeTestMethods(TestMethodWorker.java:146)
at org.testng.internal.invokers.TestMethodWorker.run(TestMethodWorker.java:128)
at java.util.ArrayList.forEach(ArrayList.java:1249)
at org.testng.TestRunner.privateRun(TestRunner.java:808)
at org.testng.TestRunner.run(TestRunner.java:603)
at org.testng.SuiteRunner.runTest(SuiteRunner.java:429)
at org.testng.SuiteRunner.runSequentially(SuiteRunner.java:423)
at org.testng.SuiteRunner.privateRun(SuiteRunner.java:383)
at org.testng.SuiteRunner.run(SuiteRunner.java:326)
at org.testng.SuiteRunnerWorker.runSuite(SuiteRunnerWorker.java:52)
at org.testng.SuiteRunnerWorker.run(SuiteRunnerWorker.java:95)
at org.testng.TestNG.runSuitesSequentially(TestNG.java:1249)
at org.testng.TestNG.runSuitesLocally(TestNG.java:1169)
at org.testng.TestNG.runSuites(TestNG.java:1092)
at org.testng.TestNG.run(TestNG.java:1060)
at com.intellij.rt.testng.IDEARemoteTestNG.run(IDEARemoteTestNG.java:66)
at com.intellij.rt.testng.RemoteTestNGStarter.main(RemoteTestNGStarter.java:109)
]]>
            </full-stacktrace>
          </exception> <!-- java.lang.NullPointerException -->
          <reporter-output>
            <line>
              <![CDATA[Clicking on currency dropdown]]>
            </line>
            <line>
              <![CDATA[Mouse Hovering to LaptopsNotebooks and Clicking on it: [[ChromeDriver: chrome on WINDOWS (0136bda4f85616d55d5035a2011bf24e)] -> link text: Laptops & Notebooks]]]>
            </line>
            <line>
              <![CDATA[Clicking pn MacBook Menu]]>
            </line>
            <line>
              <![CDATA[Verify Macbook error Message [[ChromeDriver: chrome on WINDOWS (0136bda4f85616d55d5035a2011bf24e)] -> xpath: //h1[contains(text(),'MacBook')]]]]>
            </line>
            <line>
              <![CDATA[mac book add to cart[[ChromeDriver: chrome on WINDOWS (0136bda4f85616d55d5035a2011bf24e)] -> xpath: //button[@id='button-cart']]]]>
            </line>
            <line>
              <![CDATA[Click on shopping cart button[[ChromeDriver: chrome on WINDOWS (0136bda4f85616d55d5035a2011bf24e)] -> xpath: //a[contains(text(),'shopping cart')]]]]>
            </line>
            <line>
              <![CDATA[Enter shoppingcart text error message [[ChromeDriver: chrome on WINDOWS (0136bda4f85616d55d5035a2011bf24e)] -> xpath: //div[@id='content']/h1[contains(text(), 'Shopping Cart')]]]]>
            </line>
            <line>
              <![CDATA[Verify Macbook name error message[[ChromeDriver: chrome on WINDOWS (0136bda4f85616d55d5035a2011bf24e)] -> xpath: //div[@class = 'table-responsive']/table/tbody/tr/td[2]/a]]]>
            </line>
            <line>
              <![CDATA[Verify macbook total error message[[ChromeDriver: chrome on WINDOWS (0136bda4f85616d55d5035a2011bf24e)] -> xpath: //div[@class = 'table-responsive']/table/tbody/tr/td[6]]]]>
            </line>
            <line>
              <![CDATA[Click on check button[[ChromeDriver: chrome on WINDOWS (0136bda4f85616d55d5035a2011bf24e)] -> xpath: //a[contains(text(),'Checkout')]]]]>
            </line>
            <line>
              <![CDATA[Click to see screenshot]]>
            </line>
            <line>
              <![CDATA[<a target = "_blank" href=C:\Users\topig\IdeaProjects\com-tutorialninja-pagefactory-sw5/test-output/html/verifyThatUserPlaceOrderSuccessfullyTue_Dec_13_17_39_09_GMT_2022.jpg>Screenshot</a>]]>
            </line>
            <line>
              <![CDATA[<br>]]>
            </line>
            <line>
              <![CDATA[<br>]]>
            </line>
            <line>
              <![CDATA[<a target = "_blank" href=C:\Users\topig\IdeaProjects\com-tutorialninja-pagefactory-sw5/test-output/html/verifyThatUserPlaceOrderSuccessfullyTue_Dec_13_17_39_09_GMT_2022.jpg><img src=C:\Users\topig\IdeaProjects\com-tutorialninja-pagefactory-sw5/test-output/html/verifyThatUserPlaceOrderSuccessfullyTue_Dec_13_17_39_09_GMT_2022.jpg height=200 width=200></img></a>]]>
            </line>
          </reporter-output>
        </test-method> <!-- verifyThatUserPlaceOrderSuccessfully -->
        <test-method status="PASS" signature="tearDown()[pri:0, instance:com.tutorialsninja.testsuite.LaptopsAndNotebooksPageTest@6fb0d3ed]" name="tearDown" is-config="true" duration-ms="823" started-at="2022-12-13T17:39:09 GMT" finished-at="2022-12-13T17:39:10 GMT">
          <reporter-output>
          </reporter-output>
        </test-method> <!-- tearDown -->
      </class> <!-- com.tutorialsninja.testsuite.LaptopsAndNotebooksPageTest -->
      <class name="com.tutorialsninja.testsuite.MyAccountsPageTest">
        <test-method status="PASS" signature="setUp()[pri:0, instance:com.tutorialsninja.testsuite.MyAccountsPageTest@6dde5c8c]" name="setUp" is-config="true" duration-ms="2662" started-at="2022-12-13T17:39:10 GMT" finished-at="2022-12-13T17:39:12 GMT">
          <reporter-output>
          </reporter-output>
        </test-method> <!-- setUp -->
        <test-method status="PASS" signature="inIt()[pri:0, instance:com.tutorialsninja.testsuite.MyAccountsPageTest@6dde5c8c]" name="inIt" is-config="true" duration-ms="11" started-at="2022-12-13T17:39:12 GMT" finished-at="2022-12-13T17:39:12 GMT">
          <reporter-output>
          </reporter-output>
        </test-method> <!-- inIt -->
        <test-method status="PASS" signature="verifyThatUserRegisterAccountSuccessfully()[pri:0, instance:com.tutorialsninja.testsuite.MyAccountsPageTest@6dde5c8c]" name="verifyThatUserRegisterAccountSuccessfully" duration-ms="2925" started-at="2022-12-13T17:39:12 GMT" finished-at="2022-12-13T17:39:15 GMT">
          <reporter-output>
            <line>
              <![CDATA[Clicking on my account: [[ChromeDriver: chrome on WINDOWS (440028f51391be1282a8b2cc82c55805)] -> xpath: //span[text()='My Account']]]]>
            </line>
            <line>
              <![CDATA[Enter FirstName John to firstname field [[ChromeDriver: chrome on WINDOWS (440028f51391be1282a8b2cc82c55805)] -> id: input-firstname]]]>
            </line>
            <line>
              <![CDATA[Enter lastname Wong to lastname field [[ChromeDriver: chrome on WINDOWS (440028f51391be1282a8b2cc82c55805)] -> id: input-lastname]]]>
            </line>
            <line>
              <![CDATA[Enter Email jo@example.com to email field [[ChromeDriver: chrome on WINDOWS (440028f51391be1282a8b2cc82c55805)] -> id: input-email]]]>
            </line>
            <line>
              <![CDATA[Enter telephone 235665656 to telephone field [[ChromeDriver: chrome on WINDOWS (440028f51391be1282a8b2cc82c55805)] -> id: input-telephone]]]>
            </line>
            <line>
              <![CDATA[Enter password test123 to password field [[ChromeDriver: chrome on WINDOWS (440028f51391be1282a8b2cc82c55805)] -> id: input-password]]]>
            </line>
            <line>
              <![CDATA[Enter Conformpassword test123 to confirm password field [[ChromeDriver: chrome on WINDOWS (440028f51391be1282a8b2cc82c55805)] -> id: input-confirm]]]>
            </line>
            <line>
              <![CDATA[Click on Agree[[ChromeDriver: chrome on WINDOWS (440028f51391be1282a8b2cc82c55805)] -> xpath: //div[@class = 'buttons']//input[@name='agree']]]]>
            </line>
            <line>
              <![CDATA[Click on continue[[ChromeDriver: chrome on WINDOWS (440028f51391be1282a8b2cc82c55805)] -> xpath: //div[@class = 'buttons']//input[@value='Continue']]]]>
            </line>
            <line>
              <![CDATA[Verify your Account Message[[ChromeDriver: chrome on WINDOWS (440028f51391be1282a8b2cc82c55805)] -> xpath: //h1[contains(text(),'Your Account Has Been Created!')]]]]>
            </line>
            <line>
              <![CDATA[Click on sucess continue button [[ChromeDriver: chrome on WINDOWS (440028f51391be1282a8b2cc82c55805)] -> xpath: //a[contains(text(),'Continue')]]]]>
            </line>
            <line>
              <![CDATA[Click on my account link [[ChromeDriver: chrome on WINDOWS (440028f51391be1282a8b2cc82c55805)] -> xpath: //span[contains(text(),'My Account')]]]]>
            </line>
          </reporter-output>
        </test-method> <!-- verifyThatUserRegisterAccountSuccessfully -->
        <test-method status="PASS" signature="tearDown()[pri:0, instance:com.tutorialsninja.testsuite.MyAccountsPageTest@6dde5c8c]" name="tearDown" is-config="true" duration-ms="786" started-at="2022-12-13T17:39:15 GMT" finished-at="2022-12-13T17:39:16 GMT">
          <reporter-output>
          </reporter-output>
        </test-method> <!-- tearDown -->
        <test-method status="PASS" signature="setUp()[pri:0, instance:com.tutorialsninja.testsuite.MyAccountsPageTest@6dde5c8c]" name="setUp" is-config="true" duration-ms="2671" started-at="2022-12-13T17:39:16 GMT" finished-at="2022-12-13T17:39:19 GMT">
          <reporter-output>
          </reporter-output>
        </test-method> <!-- setUp -->
        <test-method status="PASS" signature="inIt()[pri:0, instance:com.tutorialsninja.testsuite.MyAccountsPageTest@6dde5c8c]" name="inIt" is-config="true" duration-ms="2" started-at="2022-12-13T17:39:19 GMT" finished-at="2022-12-13T17:39:19 GMT">
          <reporter-output>
          </reporter-output>
        </test-method> <!-- inIt -->
        <test-method status="FAIL" signature="verifyThatUserShouldLoginAndLogoutSuccessfully()[pri:0, instance:com.tutorialsninja.testsuite.MyAccountsPageTest@6dde5c8c]" name="verifyThatUserShouldLoginAndLogoutSuccessfully" duration-ms="2991" started-at="2022-12-13T17:39:19 GMT" finished-at="2022-12-13T17:39:22 GMT">
          <exception class="org.openqa.selenium.StaleElementReferenceException">
            <message>
              <![CDATA[stale element reference: element is not attached to the page document
  (Session info: chrome=108.0.5359.99)
For documentation on this error, please visit: https://selenium.dev/exceptions/#stale_element_reference
Build info: version: '4.6.0', revision: '79f1c02ae20'
System info: os.name: 'Windows 10', os.arch: 'amd64', os.version: '10.0', java.version: '1.8.0_121'
Driver info: org.openqa.selenium.chrome.ChromeDriver
Command: [1799dee791ef2016e543ce5f487ff10a, clickElement {id=294452b9-281c-4e6e-902d-4e3106ab9304}]
Capabilities {acceptInsecureCerts: false, browserName: chrome, browserVersion: 108.0.5359.99, chrome: {chromedriverVersion: 108.0.5359.71 (1e0e3868ee06..., userDataDir: C:\Users\topig\AppData\Loca...}, goog:chromeOptions: {debuggerAddress: localhost:53211}, networkConnectionEnabled: false, pageLoadStrategy: normal, platformName: WINDOWS, proxy: Proxy(), se:cdp: ws://localhost:53211/devtoo..., se:cdpVersion: 108.0.5359.99, setWindowRect: true, strictFileInteractability: false, timeouts: {implicit: 0, pageLoad: 300000, script: 30000}, unhandledPromptBehavior: dismiss and notify, webauthn:extension:credBlob: true, webauthn:extension:largeBlob: true, webauthn:virtualAuthenticators: true}
Element: [[ChromeDriver: chrome on WINDOWS (1799dee791ef2016e543ce5f487ff10a)] -> xpath: //span[text()='My Account']]
Session ID: 1799dee791ef2016e543ce5f487ff10a]]>
            </message>
            <full-stacktrace>
              <![CDATA[org.openqa.selenium.StaleElementReferenceException: stale element reference: element is not attached to the page document
  (Session info: chrome=108.0.5359.99)
For documentation on this error, please visit: https://selenium.dev/exceptions/#stale_element_reference
Build info: version: '4.6.0', revision: '79f1c02ae20'
System info: os.name: 'Windows 10', os.arch: 'amd64', os.version: '10.0', java.version: '1.8.0_121'
Driver info: org.openqa.selenium.chrome.ChromeDriver
Command: [1799dee791ef2016e543ce5f487ff10a, clickElement {id=294452b9-281c-4e6e-902d-4e3106ab9304}]
Capabilities {acceptInsecureCerts: false, browserName: chrome, browserVersion: 108.0.5359.99, chrome: {chromedriverVersion: 108.0.5359.71 (1e0e3868ee06..., userDataDir: C:\Users\topig\AppData\Loca...}, goog:chromeOptions: {debuggerAddress: localhost:53211}, networkConnectionEnabled: false, pageLoadStrategy: normal, platformName: WINDOWS, proxy: Proxy(), se:cdp: ws://localhost:53211/devtoo..., se:cdpVersion: 108.0.5359.99, setWindowRect: true, strictFileInteractability: false, timeouts: {implicit: 0, pageLoad: 300000, script: 30000}, unhandledPromptBehavior: dismiss and notify, webauthn:extension:credBlob: true, webauthn:extension:largeBlob: true, webauthn:virtualAuthenticators: true}
Element: [[ChromeDriver: chrome on WINDOWS (1799dee791ef2016e543ce5f487ff10a)] -> xpath: //span[text()='My Account']]
Session ID: 1799dee791ef2016e543ce5f487ff10a
at sun.reflect.NativeConstructorAccessorImpl.newInstance0(Native Method)
at sun.reflect.NativeConstructorAccessorImpl.newInstance(NativeConstructorAccessorImpl.java:62)
at sun.reflect.DelegatingConstructorAccessorImpl.newInstance(DelegatingConstructorAccessorImpl.java:45)
at java.lang.reflect.Constructor.newInstance(Constructor.java:423)
at org.openqa.selenium.remote.codec.w3c.W3CHttpResponseCodec.createException(W3CHttpResponseCodec.java:200)
at org.openqa.selenium.remote.codec.w3c.W3CHttpResponseCodec.decode(W3CHttpResponseCodec.java:133)
at org.openqa.selenium.remote.codec.w3c.W3CHttpResponseCodec.decode(W3CHttpResponseCodec.java:53)
at org.openqa.selenium.remote.HttpCommandExecutor.execute(HttpCommandExecutor.java:184)
at org.openqa.selenium.remote.service.DriverCommandExecutor.invokeExecute(DriverCommandExecutor.java:167)
at org.openqa.selenium.remote.service.DriverCommandExecutor.execute(DriverCommandExecutor.java:142)
at org.openqa.selenium.remote.RemoteWebDriver.execute(RemoteWebDriver.java:541)
at org.openqa.selenium.remote.RemoteWebElement.execute(RemoteWebElement.java:257)
at org.openqa.selenium.remote.RemoteWebElement.click(RemoteWebElement.java:78)
at sun.reflect.GeneratedMethodAccessor2.invoke(Unknown Source)
at sun.reflect.DelegatingMethodAccessorImpl.invoke(DelegatingMethodAccessorImpl.java:43)
at java.lang.reflect.Method.invoke(Method.java:498)
at org.openqa.selenium.support.pagefactory.internal.LocatingElementHandler.invoke(LocatingElementHandler.java:52)
at com.sun.proxy.$Proxy16.click(Unknown Source)
at com.tutorialsninja.utility.Utility.clickOnElement(Utility.java:53)
at com.tutorialsninja.pages.HomePage.clickOnMyAccount(HomePage.java:83)
at com.tutorialsninja.testsuite.MyAccountsPageTest.verifyThatUserShouldLoginAndLogoutSuccessfully(MyAccountsPageTest.java:74)
at sun.reflect.NativeMethodAccessorImpl.invoke0(Native Method)
at sun.reflect.NativeMethodAccessorImpl.invoke(NativeMethodAccessorImpl.java:62)
at sun.reflect.DelegatingMethodAccessorImpl.invoke(DelegatingMethodAccessorImpl.java:43)
at java.lang.reflect.Method.invoke(Method.java:498)
at org.testng.internal.invokers.MethodInvocationHelper.invokeMethod(MethodInvocationHelper.java:135)
at org.testng.internal.invokers.TestInvoker.invokeMethod(TestInvoker.java:673)
at org.testng.internal.invokers.TestInvoker.invokeTestMethod(TestInvoker.java:220)
at org.testng.internal.invokers.MethodRunner.runInSequence(MethodRunner.java:50)
at org.testng.internal.invokers.TestInvoker$MethodInvocationAgent.invoke(TestInvoker.java:945)
at org.testng.internal.invokers.TestInvoker.invokeTestMethods(TestInvoker.java:193)
at org.testng.internal.invokers.TestMethodWorker.invokeTestMethods(TestMethodWorker.java:146)
at org.testng.internal.invokers.TestMethodWorker.run(TestMethodWorker.java:128)
at java.util.ArrayList.forEach(ArrayList.java:1249)
at org.testng.TestRunner.privateRun(TestRunner.java:808)
at org.testng.TestRunner.run(TestRunner.java:603)
at org.testng.SuiteRunner.runTest(SuiteRunner.java:429)
at org.testng.SuiteRunner.runSequentially(SuiteRunner.java:423)
at org.testng.SuiteRunner.privateRun(SuiteRunner.java:383)
at org.testng.SuiteRunner.run(SuiteRunner.java:326)
at org.testng.SuiteRunnerWorker.runSuite(SuiteRunnerWorker.java:52)
at org.testng.SuiteRunnerWorker.run(SuiteRunnerWorker.java:95)
at org.testng.TestNG.runSuitesSequentially(TestNG.java:1249)
at org.testng.TestNG.runSuitesLocally(TestNG.java:1169)
at org.testng.TestNG.runSuites(TestNG.java:1092)
at org.testng.TestNG.run(TestNG.java:1060)
at com.intellij.rt.testng.IDEARemoteTestNG.run(IDEARemoteTestNG.java:66)
at com.intellij.rt.testng.RemoteTestNGStarter.main(RemoteTestNGStarter.java:109)
]]>
            </full-stacktrace>
          </exception> <!-- org.openqa.selenium.StaleElementReferenceException -->
          <reporter-output>
            <line>
              <![CDATA[Clicking on my account: [[ChromeDriver: chrome on WINDOWS (1799dee791ef2016e543ce5f487ff10a)] -> xpath: //span[text()='My Account']]]]>
            </line>
            <line>
              <![CDATA[Enter email prime123@gmail.com to email field [[ChromeDriver: chrome on WINDOWS (1799dee791ef2016e543ce5f487ff10a)] -> id: input-email]]]>
            </line>
            <line>
              <![CDATA[Enter password test123 to email field [[ChromeDriver: chrome on WINDOWS (1799dee791ef2016e543ce5f487ff10a)] -> id: input-password]]]>
            </line>
            <line>
              <![CDATA[Click on login button[[ChromeDriver: chrome on WINDOWS (1799dee791ef2016e543ce5f487ff10a)] -> xpath: //form[contains(@action,'login')]//input[@type='submit']]]]>
            </line>
            <line>
              <![CDATA[Clicking on my account: [[ChromeDriver: chrome on WINDOWS (1799dee791ef2016e543ce5f487ff10a)] -> xpath: //span[text()='My Account']]]]>
            </line>
            <line>
              <![CDATA[Click to see screenshot]]>
            </line>
            <line>
              <![CDATA[<a target = "_blank" href=C:\Users\topig\IdeaProjects\com-tutorialninja-pagefactory-sw5/test-output/html/verifyThatUserShouldLoginAndLogoutSuccessfullyTue_Dec_13_17_39_22_GMT_2022.jpg>Screenshot</a>]]>
            </line>
            <line>
              <![CDATA[<br>]]>
            </line>
            <line>
              <![CDATA[<br>]]>
            </line>
            <line>
              <![CDATA[<a target = "_blank" href=C:\Users\topig\IdeaProjects\com-tutorialninja-pagefactory-sw5/test-output/html/verifyThatUserShouldLoginAndLogoutSuccessfullyTue_Dec_13_17_39_22_GMT_2022.jpg><img src=C:\Users\topig\IdeaProjects\com-tutorialninja-pagefactory-sw5/test-output/html/verifyThatUserShouldLoginAndLogoutSuccessfullyTue_Dec_13_17_39_22_GMT_2022.jpg height=200 width=200></img></a>]]>
            </line>
          </reporter-output>
        </test-method> <!-- verifyThatUserShouldLoginAndLogoutSuccessfully -->
        <test-method status="PASS" signature="tearDown()[pri:0, instance:com.tutorialsninja.testsuite.MyAccountsPageTest@6dde5c8c]" name="tearDown" is-config="true" duration-ms="789" started-at="2022-12-13T17:39:22 GMT" finished-at="2022-12-13T17:39:23 GMT">
          <reporter-output>
          </reporter-output>
        </test-method> <!-- tearDown -->
        <test-method status="PASS" signature="setUp()[pri:0, instance:com.tutorialsninja.testsuite.MyAccountsPageTest@6dde5c8c]" name="setUp" is-config="true" duration-ms="2543" started-at="2022-12-13T17:39:23 GMT" finished-at="2022-12-13T17:39:25 GMT">
          <reporter-output>
          </reporter-output>
        </test-method> <!-- setUp -->
        <test-method status="PASS" signature="inIt()[pri:0, instance:com.tutorialsninja.testsuite.MyAccountsPageTest@6dde5c8c]" name="inIt" is-config="true" duration-ms="1" started-at="2022-12-13T17:39:25 GMT" finished-at="2022-12-13T17:39:25 GMT">
          <reporter-output>
          </reporter-output>
        </test-method> <!-- inIt -->
        <test-method status="PASS" signature="verifyUserShouldNavigateToLoginPageSuccessfully()[pri:0, instance:com.tutorialsninja.testsuite.MyAccountsPageTest@6dde5c8c]" name="verifyUserShouldNavigateToLoginPageSuccessfully" duration-ms="461" started-at="2022-12-13T17:39:25 GMT" finished-at="2022-12-13T17:39:26 GMT">
          <reporter-output>
            <line>
              <![CDATA[Clicking on my account: [[ChromeDriver: chrome on WINDOWS (a28f6fe539abe7a11737433acb256486)] -> xpath: //span[text()='My Account']]]]>
            </line>
            <line>
              <![CDATA[Verifying returning customer: [[ChromeDriver: chrome on WINDOWS (a28f6fe539abe7a11737433acb256486)] -> xpath: //h2[contains(text(),'Returning Customer')]]]]>
            </line>
          </reporter-output>
        </test-method> <!-- verifyUserShouldNavigateToLoginPageSuccessfully -->
        <test-method status="PASS" signature="tearDown()[pri:0, instance:com.tutorialsninja.testsuite.MyAccountsPageTest@6dde5c8c]" name="tearDown" is-config="true" duration-ms="783" started-at="2022-12-13T17:39:26 GMT" finished-at="2022-12-13T17:39:26 GMT">
          <reporter-output>
          </reporter-output>
        </test-method> <!-- tearDown -->
        <test-method status="PASS" signature="setUp()[pri:0, instance:com.tutorialsninja.testsuite.MyAccountsPageTest@6dde5c8c]" name="setUp" is-config="true" duration-ms="2647" started-at="2022-12-13T17:39:26 GMT" finished-at="2022-12-13T17:39:29 GMT">
          <reporter-output>
          </reporter-output>
        </test-method> <!-- setUp -->
        <test-method status="PASS" signature="inIt()[pri:0, instance:com.tutorialsninja.testsuite.MyAccountsPageTest@6dde5c8c]" name="inIt" is-config="true" duration-ms="1" started-at="2022-12-13T17:39:29 GMT" finished-at="2022-12-13T17:39:29 GMT">
          <reporter-output>
          </reporter-output>
        </test-method> <!-- inIt -->
        <test-method status="PASS" signature="verifyUserShouldNavigateToRegisterPageSuccessfully()[pri:0, instance:com.tutorialsninja.testsuite.MyAccountsPageTest@6dde5c8c]" name="verifyUserShouldNavigateToRegisterPageSuccessfully" duration-ms="774" started-at="2022-12-13T17:39:29 GMT" finished-at="2022-12-13T17:39:30 GMT">
          <reporter-output>
            <line>
              <![CDATA[Clicking on my account: [[ChromeDriver: chrome on WINDOWS (76f3b575bc47e741499c95d483cc83cd)] -> xpath: //span[text()='My Account']]]]>
            </line>
            <line>
              <![CDATA[Verify Register Account Text [[ChromeDriver: chrome on WINDOWS (76f3b575bc47e741499c95d483cc83cd)] -> xpath: //h1[text()='Register Account']]]]>
            </line>
          </reporter-output>
        </test-method> <!-- verifyUserShouldNavigateToRegisterPageSuccessfully -->
        <test-method status="PASS" signature="tearDown()[pri:0, instance:com.tutorialsninja.testsuite.MyAccountsPageTest@6dde5c8c]" name="tearDown" is-config="true" duration-ms="786" started-at="2022-12-13T17:39:30 GMT" finished-at="2022-12-13T17:39:31 GMT">
          <reporter-output>
          </reporter-output>
        </test-method> <!-- tearDown -->
      </class> <!-- com.tutorialsninja.testsuite.MyAccountsPageTest -->
    </test> <!-- Regression Test -->
  </suite> <!-- regression -->
</testng-results>
