<?xml version="1.0" encoding="UTF-8"?>
<!-- Generated by org.testng.reporters.JUnitXMLReporter -->
<testsuite hostname="LAPTOP-T3UANJN2" ignored="0" name="DeskTopPage Test" tests="2" failures="0" timestamp="2022-12-13T16:55:38 GMT" time="19.552" errors="0">
  <testcase name="verifyProductAddedToShoppingCartSuccessFully" time="9.121" classname="com.tutorialsninja.testsuite.DesktopPageTest"/>
  <testcase name="verifyProductArrangeInAlphabeticalOrder" time="1.607" classname="com.tutorialsninja.testsuite.DesktopPageTest"/>
</testsuite> <!-- DeskTopPage Test -->
